<?xml version="1.0" encoding="UTF-8"?>
<robot generator="Robot 3.2.2 (Python 3.9.1 on win32)" generated="20210111 09:20:54.148" rpa="false">
<suite id="s1" name="Tests" source="C:\Users\anni\react\tentti\testit\tests.robot">
<test id="s1-t1" name="TenttiButton Click">
<kw name="Open Browser" library="SeleniumLibrary">
<doc>Opens a new browser instance to the optional ``url``.</doc>
<arguments>
<arg>localhost:3000</arg>
<arg>Firefox</arg>
</arguments>
<msg timestamp="20210111 09:20:54.622" level="INFO">Opening browser 'Firefox' to base url 'localhost:3000'.</msg>
<msg timestamp="20210111 09:20:54.626" level="INFO">Firefox driver log is always forced to to: C:\Users\anni\react\tentti\testit\geckodriver-21.log</msg>
<status status="PASS" starttime="20210111 09:20:54.622" endtime="20210111 09:21:01.715"></status>
</kw>
<kw name="Sleep" library="BuiltIn">
<doc>Pauses the test executed for the given time.</doc>
<arguments>
<arg>2</arg>
</arguments>
<msg timestamp="20210111 09:21:03.718" level="INFO">Slept 2 seconds</msg>
<status status="PASS" starttime="20210111 09:21:01.715" endtime="20210111 09:21:03.718"></status>
</kw>
<kw name="Click Button" library="SeleniumLibrary">
<doc>Clicks the button identified by ``locator``.</doc>
<arguments>
<arg>TenttiButton</arg>
</arguments>
<msg timestamp="20210111 09:21:03.719" level="INFO">Clicking button 'TenttiButton'.</msg>
<status status="PASS" starttime="20210111 09:21:03.718" endtime="20210111 09:21:03.956"></status>
</kw>
<status status="PASS" starttime="20210111 09:20:54.621" endtime="20210111 09:21:03.956" critical="yes"></status>
</test>
<test id="s1-t2" name="Page Title">
<kw name="Title Should Be" library="SeleniumLibrary">
<doc>Verifies that the current page title equals ``title``.</doc>
<arguments>
<arg>React App</arg>
</arguments>
<msg timestamp="20210111 09:21:03.960" level="INFO">Page title is 'React App'.</msg>
<status status="PASS" starttime="20210111 09:21:03.958" endtime="20210111 09:21:03.960"></status>
</kw>
<status status="PASS" starttime="20210111 09:21:03.957" endtime="20210111 09:21:03.961" critical="yes"></status>
</test>
<test id="s1-t3" name="Question Element and Text">
<kw name="Page Should Contain Element" library="SeleniumLibrary">
<doc>Verifies that element ``locator`` is found on the current page.</doc>
<arguments>
<arg>class:questions</arg>
</arguments>
<msg timestamp="20210111 09:21:03.967" level="INFO">Current page contains element 'class:questions'.</msg>
<status status="PASS" starttime="20210111 09:21:03.962" endtime="20210111 09:21:03.967"></status>
</kw>
<kw name="Element Should Contain" library="SeleniumLibrary">
<doc>Verifies that element ``locator`` contains text ``expected``.</doc>
<arguments>
<arg>css:div.questions</arg>
<arg>Mikä on Vespula vulgaris???</arg>
<arg>message=None</arg>
</arguments>
<kw name="Capture Page Screenshot" library="SeleniumLibrary">
<doc>Takes a screenshot of the current page and embeds it into a log file.</doc>
<msg timestamp="20210111 09:21:04.051" level="INFO" html="yes">&lt;/td&gt;&lt;/tr&gt;&lt;tr&gt;&lt;td colspan="3"&gt;&lt;a href="selenium-screenshot-9.png"&gt;&lt;img src="selenium-screenshot-9.png" width="800px"&gt;&lt;/a&gt;</msg>
<status status="PASS" starttime="20210111 09:21:03.986" endtime="20210111 09:21:04.052"></status>
</kw>
<msg timestamp="20210111 09:21:04.085" level="FAIL">Element 'css:div.questions' should have contained text 'Mikä on Vespula vulgaris???' but its text was 'Mikä on Vespula vulgaris?'.</msg>
<status status="FAIL" starttime="20210111 09:21:03.967" endtime="20210111 09:21:04.085"></status>
</kw>
<status status="FAIL" starttime="20210111 09:21:03.962" endtime="20210111 09:21:04.085" critical="yes">Element 'css:div.questions' should have contained text 'Mikä on Vespula vulgaris???' but its text was 'Mikä on Vespula vulgaris?'.</status>
</test>
<test id="s1-t4" name="Page Text">
<kw name="Page Should Not Contain" library="SeleniumLibrary">
<doc>Verifies the current page does not contain ``text``.</doc>
<arguments>
<arg>Nisäkkäät</arg>
<arg>loglevel=INFO</arg>
</arguments>
<msg timestamp="20210111 09:21:04.097" level="INFO">Current page does not contain text 'Nisäkkäät'.</msg>
<status status="PASS" starttime="20210111 09:21:04.086" endtime="20210111 09:21:04.097"></status>
</kw>
<status status="PASS" starttime="20210111 09:21:04.086" endtime="20210111 09:21:04.098" critical="yes"></status>
</test>
<status status="FAIL" starttime="20210111 09:20:54.153" endtime="20210111 09:21:04.098"></status>
</suite>
<statistics>
<total>
<stat pass="3" fail="1">Critical Tests</stat>
<stat pass="3" fail="1">All Tests</stat>
</total>
<tag>
</tag>
<suite>
<stat pass="3" fail="1" id="s1" name="Tests">Tests</stat>
</suite>
</statistics>
<errors>
</errors>
</robot>
